\BOOKMARK [0][-]{chapter.1}{Introduction}{}% 1
\BOOKMARK [1][-]{section.1.1}{Introduction}{chapter.1}% 2
\BOOKMARK [1][-]{section.1.2}{Road to BETA}{chapter.1}% 3
\BOOKMARK [0][-]{chapter.2}{Story Line}{}% 4
\BOOKMARK [1][-]{section.2.1}{Main Game Spine - Archplot}{chapter.2}% 5
\BOOKMARK [1][-]{section.2.2}{Characters}{chapter.2}% 6
\BOOKMARK [2][-]{subsection.2.2.1}{Protagonist:}{section.2.2}% 7
\BOOKMARK [2][-]{subsection.2.2.2}{Nemesis:}{section.2.2}% 8
\BOOKMARK [2][-]{subsection.2.2.3}{Pivotal character:}{section.2.2}% 9
\BOOKMARK [2][-]{subsection.2.2.4}{Mentor:}{section.2.2}% 10
\BOOKMARK [2][-]{subsection.2.2.5}{procedurlly generated conversations}{section.2.2}% 11
\BOOKMARK [0][-]{chapter.3}{GamePlay Design}{}% 12
\BOOKMARK [1][-]{section.3.1}{Level Design}{chapter.3}% 13
\BOOKMARK [2][-]{subsection.3.1.1}{Zone: ECAV/BARH}{section.3.1}% 14
\BOOKMARK [0][-]{chapter.4}{Core Mechanics}{}% 15
\BOOKMARK [1][-]{section.4.1}{Battle Mechanics}{chapter.4}% 16
\BOOKMARK [2][-]{subsection.4.1.1}{Overview}{section.4.1}% 17
\BOOKMARK [2][-]{subsection.4.1.2}{Stats}{section.4.1}% 18
\BOOKMARK [2][-]{subsection.4.1.3}{Hit points}{section.4.1}% 19
\BOOKMARK [2][-]{subsection.4.1.4}{Attack}{section.4.1}% 20
\BOOKMARK [2][-]{subsection.4.1.5}{Speed}{section.4.1}% 21
\BOOKMARK [2][-]{subsection.4.1.6}{Defense}{section.4.1}% 22
\BOOKMARK [2][-]{subsection.4.1.7}{Special Attack}{section.4.1}% 23
\BOOKMARK [2][-]{subsection.4.1.8}{Formulas}{section.4.1}% 24
\BOOKMARK [2][-]{subsection.4.1.9}{Individual values}{section.4.1}% 25
\BOOKMARK [2][-]{subsection.4.1.10}{Effort Values}{section.4.1}% 26
\BOOKMARK [2][-]{subsection.4.1.11}{Stat Modifiers}{section.4.1}% 27
\BOOKMARK [2][-]{subsection.4.1.12}{Critical Hit Chance}{section.4.1}% 28
\BOOKMARK [2][-]{subsection.4.1.13}{Weight}{section.4.1}% 29
\BOOKMARK [2][-]{subsection.4.1.14}{Status Effects}{section.4.1}% 30
\BOOKMARK [1][-]{section.4.2}{Experience gain in battle}{chapter.4}% 31
\BOOKMARK [2][-]{subsection.4.2.1}{slow}{section.4.2}% 32
\BOOKMARK [2][-]{subsection.4.2.2}{Medium Slow}{section.4.2}% 33
\BOOKMARK [2][-]{subsection.4.2.3}{Fast}{section.4.2}% 34
\BOOKMARK [2][-]{subsection.4.2.4}{Medium Fast}{section.4.2}% 35
\BOOKMARK [1][-]{section.4.3}{Type}{chapter.4}% 36
\BOOKMARK [0][-]{chapter.5}{Plot Outline Draft}{}% 37
\BOOKMARK [1][-]{section.5.1}{Notes}{chapter.5}% 38
\BOOKMARK [1][-]{section.5.2}{Plots}{chapter.5}% 39
